{"__type":"$$EventMessageWorkflow","id":"0af23560-ba4a-4c01-854f-d25a9144cdf6","ts":"2025-10-16T13:48:53.248-04:00","eventName":"n8n.workflow.started","message":"n8n.workflow.started","payload":{"executionId":"126","workflowId":"GybVgYO43izIz1h2","isManual":false,"workflowName":"My workflow"}}
{"__type":"$$EventMessageConfirm","confirm":"0af23560-ba4a-4c01-854f-d25a9144cdf6","ts":"2025-10-16T13:48:53.249-04:00","source":{"id":"0","name":"eventBus"}}
{"__type":"$$EventMessageNode","id":"76b7cd5c-8e15-433a-9912-1a042db4fd9e","ts":"2025-10-16T13:48:53.250-04:00","eventName":"n8n.node.started","message":"n8n.node.started","payload":{"workflowId":"GybVgYO43izIz1h2","workflowName":"My workflow","executionId":"126","nodeType":"n8n-nodes-base.webhook","nodeName":"Receive Image from Express","nodeId":"87550997-50c3-4608-90a1-79a44cb52f4f"}}
{"__type":"$$EventMessageConfirm","confirm":"76b7cd5c-8e15-433a-9912-1a042db4fd9e","ts":"2025-10-16T13:48:53.250-04:00","source":{"id":"0","name":"eventBus"}}
{"__type":"$$EventMessageNode","id":"329a4de8-574a-48b7-8623-8a306f9bf92e","ts":"2025-10-16T13:48:53.251-04:00","eventName":"n8n.node.finished","message":"n8n.node.finished","payload":{"workflowId":"GybVgYO43izIz1h2","workflowName":"My workflow","executionId":"126","nodeType":"n8n-nodes-base.webhook","nodeName":"Receive Image from Express","nodeId":"87550997-50c3-4608-90a1-79a44cb52f4f"}}
{"__type":"$$EventMessageConfirm","confirm":"329a4de8-574a-48b7-8623-8a306f9bf92e","ts":"2025-10-16T13:48:53.251-04:00","source":{"id":"0","name":"eventBus"}}
{"__type":"$$EventMessageNode","id":"9b79b28f-1570-45b7-923f-11573b6358e9","ts":"2025-10-16T13:48:53.252-04:00","eventName":"n8n.node.started","message":"n8n.node.started","payload":{"workflowId":"GybVgYO43izIz1h2","workflowName":"My workflow","executionId":"126","nodeType":"n8n-nodes-base.httpRequest","nodeName":"Send Image to Flask","nodeId":"11548b84-cdcf-45fb-8ebd-f192dbd59ba6"}}
{"__type":"$$EventMessageConfirm","confirm":"9b79b28f-1570-45b7-923f-11573b6358e9","ts":"2025-10-16T13:48:53.252-04:00","source":{"id":"0","name":"eventBus"}}
{"__type":"$$EventMessageNode","id":"82a3433b-8d3a-4cbf-a79f-593ff7ebb9db","ts":"2025-10-16T13:48:53.285-04:00","eventName":"n8n.node.finished","message":"n8n.node.finished","payload":{"workflowId":"GybVgYO43izIz1h2","workflowName":"My workflow","executionId":"126","nodeType":"n8n-nodes-base.httpRequest","nodeName":"Send Image to Flask","nodeId":"11548b84-cdcf-45fb-8ebd-f192dbd59ba6"}}
{"__type":"$$EventMessageConfirm","confirm":"82a3433b-8d3a-4cbf-a79f-593ff7ebb9db","ts":"2025-10-16T13:48:53.285-04:00","source":{"id":"0","name":"eventBus"}}
{"__type":"$$EventMessageNode","id":"70f19fb5-0ea4-4ea1-9cda-dca5dc1ba07e","ts":"2025-10-16T13:48:53.285-04:00","eventName":"n8n.node.started","message":"n8n.node.started","payload":{"workflowId":"GybVgYO43izIz1h2","workflowName":"My workflow","executionId":"126","nodeType":"n8n-nodes-base.if","nodeName":"Is High?","nodeId":"2c8b878e-41cc-480d-8146-1848c27fa0c8"}}
{"__type":"$$EventMessageConfirm","confirm":"70f19fb5-0ea4-4ea1-9cda-dca5dc1ba07e","ts":"2025-10-16T13:48:53.285-04:00","source":{"id":"0","name":"eventBus"}}
{"__type":"$$EventMessageNode","id":"784eda00-9992-4899-bbc3-ca59b4bcdf26","ts":"2025-10-16T13:48:53.290-04:00","eventName":"n8n.node.finished","message":"n8n.node.finished","payload":{"workflowId":"GybVgYO43izIz1h2","workflowName":"My workflow","executionId":"126","nodeType":"n8n-nodes-base.if","nodeName":"Is High?","nodeId":"2c8b878e-41cc-480d-8146-1848c27fa0c8"}}
{"__type":"$$EventMessageConfirm","confirm":"784eda00-9992-4899-bbc3-ca59b4bcdf26","ts":"2025-10-16T13:48:53.290-04:00","source":{"id":"0","name":"eventBus"}}
{"__type":"$$EventMessageNode","id":"beb6f3e9-9d2e-487a-aa07-b0db808e93d2","ts":"2025-10-16T13:48:53.291-04:00","eventName":"n8n.node.started","message":"n8n.node.started","payload":{"workflowId":"GybVgYO43izIz1h2","workflowName":"My workflow","executionId":"126","nodeType":"n8n-nodes-base.respondToWebhook","nodeName":"Respond OK","nodeId":"1563c2a4-d6e3-43a8-b37d-65c3a1635d40"}}
{"__type":"$$EventMessageConfirm","confirm":"beb6f3e9-9d2e-487a-aa07-b0db808e93d2","ts":"2025-10-16T13:48:53.291-04:00","source":{"id":"0","name":"eventBus"}}
{"__type":"$$EventMessageNode","id":"49dcc731-6741-43e6-8b32-850a4b65fb8c","ts":"2025-10-16T13:48:53.316-04:00","eventName":"n8n.node.finished","message":"n8n.node.finished","payload":{"workflowId":"GybVgYO43izIz1h2","workflowName":"My workflow","executionId":"126","nodeType":"n8n-nodes-base.respondToWebhook","nodeName":"Respond OK","nodeId":"1563c2a4-d6e3-43a8-b37d-65c3a1635d40"}}
{"__type":"$$EventMessageConfirm","confirm":"49dcc731-6741-43e6-8b32-850a4b65fb8c","ts":"2025-10-16T13:48:53.316-04:00","source":{"id":"0","name":"eventBus"}}
{"__type":"$$EventMessageWorkflow","id":"4410bff2-f4b8-4630-9df9-6a945f6d8217","ts":"2025-10-16T13:48:53.317-04:00","eventName":"n8n.workflow.success","message":"n8n.workflow.success","payload":{"executionId":"126","success":true,"isManual":false,"workflowId":"GybVgYO43izIz1h2","workflowName":"My workflow"}}
{"__type":"$$EventMessageConfirm","confirm":"4410bff2-f4b8-4630-9df9-6a945f6d8217","ts":"2025-10-16T13:48:53.317-04:00","source":{"id":"0","name":"eventBus"}}
{"__type":"$$EventMessageWorkflow","id":"b320ebd4-5883-4bb8-97ad-83bb15f35ec5","ts":"2025-10-16T13:53:31.934-04:00","eventName":"n8n.workflow.started","message":"n8n.workflow.started","payload":{"executionId":"127","workflowId":"GybVgYO43izIz1h2","isManual":false,"workflowName":"My workflow"}}
{"__type":"$$EventMessageConfirm","confirm":"b320ebd4-5883-4bb8-97ad-83bb15f35ec5","ts":"2025-10-16T13:53:31.934-04:00","source":{"id":"0","name":"eventBus"}}
{"__type":"$$EventMessageNode","id":"c09996d9-ca61-415d-970c-26cae58773c9","ts":"2025-10-16T13:53:31.934-04:00","eventName":"n8n.node.started","message":"n8n.node.started","payload":{"workflowId":"GybVgYO43izIz1h2","workflowName":"My workflow","executionId":"127","nodeType":"n8n-nodes-base.webhook","nodeName":"Receive Image from Express","nodeId":"87550997-50c3-4608-90a1-79a44cb52f4f"}}
{"__type":"$$EventMessageConfirm","confirm":"c09996d9-ca61-415d-970c-26cae58773c9","ts":"2025-10-16T13:53:31.934-04:00","source":{"id":"0","name":"eventBus"}}
{"__type":"$$EventMessageNode","id":"08eff5cf-2156-4322-985e-c50fbbef40f0","ts":"2025-10-16T13:53:31.934-04:00","eventName":"n8n.node.finished","message":"n8n.node.finished","payload":{"workflowId":"GybVgYO43izIz1h2","workflowName":"My workflow","executionId":"127","nodeType":"n8n-nodes-base.webhook","nodeName":"Receive Image from Express","nodeId":"87550997-50c3-4608-90a1-79a44cb52f4f"}}
{"__type":"$$EventMessageConfirm","confirm":"08eff5cf-2156-4322-985e-c50fbbef40f0","ts":"2025-10-16T13:53:31.934-04:00","source":{"id":"0","name":"eventBus"}}
{"__type":"$$EventMessageNode","id":"7d25cadf-28a3-4b01-b364-14d082a24edb","ts":"2025-10-16T13:53:31.935-04:00","eventName":"n8n.node.started","message":"n8n.node.started","payload":{"workflowId":"GybVgYO43izIz1h2","workflowName":"My workflow","executionId":"127","nodeType":"n8n-nodes-base.httpRequest","nodeName":"Send Image to Flask","nodeId":"11548b84-cdcf-45fb-8ebd-f192dbd59ba6"}}
{"__type":"$$EventMessageConfirm","confirm":"7d25cadf-28a3-4b01-b364-14d082a24edb","ts":"2025-10-16T13:53:31.935-04:00","source":{"id":"0","name":"eventBus"}}
{"__type":"$$EventMessageNode","id":"f8d88a87-45d4-4aff-8778-f9d6039226bc","ts":"2025-10-16T13:53:31.981-04:00","eventName":"n8n.node.finished","message":"n8n.node.finished","payload":{"workflowId":"GybVgYO43izIz1h2","workflowName":"My workflow","executionId":"127","nodeType":"n8n-nodes-base.httpRequest","nodeName":"Send Image to Flask","nodeId":"11548b84-cdcf-45fb-8ebd-f192dbd59ba6"}}
{"__type":"$$EventMessageConfirm","confirm":"f8d88a87-45d4-4aff-8778-f9d6039226bc","ts":"2025-10-16T13:53:31.981-04:00","source":{"id":"0","name":"eventBus"}}
{"__type":"$$EventMessageNode","id":"c2aed99d-94b6-4337-ab12-57ce9ed6c85d","ts":"2025-10-16T13:53:31.982-04:00","eventName":"n8n.node.started","message":"n8n.node.started","payload":{"workflowId":"GybVgYO43izIz1h2","workflowName":"My workflow","executionId":"127","nodeType":"n8n-nodes-base.if","nodeName":"Is High?","nodeId":"2c8b878e-41cc-480d-8146-1848c27fa0c8"}}
{"__type":"$$EventMessageConfirm","confirm":"c2aed99d-94b6-4337-ab12-57ce9ed6c85d","ts":"2025-10-16T13:53:31.982-04:00","source":{"id":"0","name":"eventBus"}}
{"__type":"$$EventMessageNode","id":"35873f85-da3a-4486-9ce3-b23ced027c77","ts":"2025-10-16T13:53:31.984-04:00","eventName":"n8n.node.finished","message":"n8n.node.finished","payload":{"workflowId":"GybVgYO43izIz1h2","workflowName":"My workflow","executionId":"127","nodeType":"n8n-nodes-base.if","nodeName":"Is High?","nodeId":"2c8b878e-41cc-480d-8146-1848c27fa0c8"}}
{"__type":"$$EventMessageConfirm","confirm":"35873f85-da3a-4486-9ce3-b23ced027c77","ts":"2025-10-16T13:53:31.984-04:00","source":{"id":"0","name":"eventBus"}}
{"__type":"$$EventMessageNode","id":"d3301800-1b4c-4658-99e5-c4b5badd3403","ts":"2025-10-16T13:53:31.984-04:00","eventName":"n8n.node.started","message":"n8n.node.started","payload":{"workflowId":"GybVgYO43izIz1h2","workflowName":"My workflow","executionId":"127","nodeType":"n8n-nodes-base.respondToWebhook","nodeName":"Respond OK","nodeId":"1563c2a4-d6e3-43a8-b37d-65c3a1635d40"}}
{"__type":"$$EventMessageConfirm","confirm":"d3301800-1b4c-4658-99e5-c4b5badd3403","ts":"2025-10-16T13:53:31.984-04:00","source":{"id":"0","name":"eventBus"}}
{"__type":"$$EventMessageNode","id":"f563335d-2fe5-4b1c-a7ee-7094e9211d84","ts":"2025-10-16T13:53:31.987-04:00","eventName":"n8n.node.finished","message":"n8n.node.finished","payload":{"workflowId":"GybVgYO43izIz1h2","workflowName":"My workflow","executionId":"127","nodeType":"n8n-nodes-base.respondToWebhook","nodeName":"Respond OK","nodeId":"1563c2a4-d6e3-43a8-b37d-65c3a1635d40"}}
{"__type":"$$EventMessageConfirm","confirm":"f563335d-2fe5-4b1c-a7ee-7094e9211d84","ts":"2025-10-16T13:53:31.987-04:00","source":{"id":"0","name":"eventBus"}}
{"__type":"$$EventMessageWorkflow","id":"f2197029-3fff-45b3-b860-f80c3a64bbd7","ts":"2025-10-16T13:53:31.987-04:00","eventName":"n8n.workflow.success","message":"n8n.workflow.success","payload":{"executionId":"127","success":true,"isManual":false,"workflowId":"GybVgYO43izIz1h2","workflowName":"My workflow"}}
{"__type":"$$EventMessageConfirm","confirm":"f2197029-3fff-45b3-b860-f80c3a64bbd7","ts":"2025-10-16T13:53:31.987-04:00","source":{"id":"0","name":"eventBus"}}
{"__type":"$$EventMessageWorkflow","id":"2625a842-992d-4781-a7c1-040cb4935270","ts":"2025-10-16T13:53:39.924-04:00","eventName":"n8n.workflow.started","message":"n8n.workflow.started","payload":{"executionId":"128","workflowId":"GybVgYO43izIz1h2","isManual":false,"workflowName":"My workflow"}}
{"__type":"$$EventMessageConfirm","confirm":"2625a842-992d-4781-a7c1-040cb4935270","ts":"2025-10-16T13:53:39.925-04:00","source":{"id":"0","name":"eventBus"}}
{"__type":"$$EventMessageNode","id":"25531985-aa7b-4645-bb46-81636991edda","ts":"2025-10-16T13:53:39.925-04:00","eventName":"n8n.node.started","message":"n8n.node.started","payload":{"workflowId":"GybVgYO43izIz1h2","workflowName":"My workflow","executionId":"128","nodeType":"n8n-nodes-base.webhook","nodeName":"Receive Image from Express","nodeId":"87550997-50c3-4608-90a1-79a44cb52f4f"}}
{"__type":"$$EventMessageConfirm","confirm":"25531985-aa7b-4645-bb46-81636991edda","ts":"2025-10-16T13:53:39.925-04:00","source":{"id":"0","name":"eventBus"}}
{"__type":"$$EventMessageNode","id":"2919a857-d91b-4cc2-bbd7-219fc8e0276a","ts":"2025-10-16T13:53:39.926-04:00","eventName":"n8n.node.finished","message":"n8n.node.finished","payload":{"workflowId":"GybVgYO43izIz1h2","workflowName":"My workflow","executionId":"128","nodeType":"n8n-nodes-base.webhook","nodeName":"Receive Image from Express","nodeId":"87550997-50c3-4608-90a1-79a44cb52f4f"}}
{"__type":"$$EventMessageConfirm","confirm":"2919a857-d91b-4cc2-bbd7-219fc8e0276a","ts":"2025-10-16T13:53:39.926-04:00","source":{"id":"0","name":"eventBus"}}
{"__type":"$$EventMessageNode","id":"59cc83e9-b5cd-4bb3-a47e-eebfb5ddd6b6","ts":"2025-10-16T13:53:39.926-04:00","eventName":"n8n.node.started","message":"n8n.node.started","payload":{"workflowId":"GybVgYO43izIz1h2","workflowName":"My workflow","executionId":"128","nodeType":"n8n-nodes-base.httpRequest","nodeName":"Send Image to Flask","nodeId":"11548b84-cdcf-45fb-8ebd-f192dbd59ba6"}}
{"__type":"$$EventMessageConfirm","confirm":"59cc83e9-b5cd-4bb3-a47e-eebfb5ddd6b6","ts":"2025-10-16T13:53:39.927-04:00","source":{"id":"0","name":"eventBus"}}
{"__type":"$$EventMessageNode","id":"2992cd27-ede0-4807-96c8-872e445c1de6","ts":"2025-10-16T13:53:39.943-04:00","eventName":"n8n.node.finished","message":"n8n.node.finished","payload":{"workflowId":"GybVgYO43izIz1h2","workflowName":"My workflow","executionId":"128","nodeType":"n8n-nodes-base.httpRequest","nodeName":"Send Image to Flask","nodeId":"11548b84-cdcf-45fb-8ebd-f192dbd59ba6"}}
{"__type":"$$EventMessageConfirm","confirm":"2992cd27-ede0-4807-96c8-872e445c1de6","ts":"2025-10-16T13:53:39.943-04:00","source":{"id":"0","name":"eventBus"}}
{"__type":"$$EventMessageNode","id":"eac69ce0-30fc-4954-aa47-b88a6c6bd1fb","ts":"2025-10-16T13:53:39.944-04:00","eventName":"n8n.node.started","message":"n8n.node.started","payload":{"workflowId":"GybVgYO43izIz1h2","workflowName":"My workflow","executionId":"128","nodeType":"n8n-nodes-base.if","nodeName":"Is High?","nodeId":"2c8b878e-41cc-480d-8146-1848c27fa0c8"}}
{"__type":"$$EventMessageConfirm","confirm":"eac69ce0-30fc-4954-aa47-b88a6c6bd1fb","ts":"2025-10-16T13:53:39.944-04:00","source":{"id":"0","name":"eventBus"}}
{"__type":"$$EventMessageNode","id":"868df86f-5bb6-4e9a-a09b-2119d4fc8ef2","ts":"2025-10-16T13:53:39.945-04:00","eventName":"n8n.node.finished","message":"n8n.node.finished","payload":{"workflowId":"GybVgYO43izIz1h2","workflowName":"My workflow","executionId":"128","nodeType":"n8n-nodes-base.if","nodeName":"Is High?","nodeId":"2c8b878e-41cc-480d-8146-1848c27fa0c8"}}
{"__type":"$$EventMessageConfirm","confirm":"868df86f-5bb6-4e9a-a09b-2119d4fc8ef2","ts":"2025-10-16T13:53:39.945-04:00","source":{"id":"0","name":"eventBus"}}
{"__type":"$$EventMessageNode","id":"94b46b23-73bc-4b51-8abc-0674f12c69b6","ts":"2025-10-16T13:53:39.945-04:00","eventName":"n8n.node.started","message":"n8n.node.started","payload":{"workflowId":"GybVgYO43izIz1h2","workflowName":"My workflow","executionId":"128","nodeType":"n8n-nodes-base.respondToWebhook","nodeName":"Respond OK","nodeId":"1563c2a4-d6e3-43a8-b37d-65c3a1635d40"}}
{"__type":"$$EventMessageConfirm","confirm":"94b46b23-73bc-4b51-8abc-0674f12c69b6","ts":"2025-10-16T13:53:39.945-04:00","source":{"id":"0","name":"eventBus"}}
{"__type":"$$EventMessageNode","id":"52d75252-37da-4604-9820-80d41a60cb85","ts":"2025-10-16T13:53:39.947-04:00","eventName":"n8n.node.finished","message":"n8n.node.finished","payload":{"workflowId":"GybVgYO43izIz1h2","workflowName":"My workflow","executionId":"128","nodeType":"n8n-nodes-base.respondToWebhook","nodeName":"Respond OK","nodeId":"1563c2a4-d6e3-43a8-b37d-65c3a1635d40"}}
{"__type":"$$EventMessageConfirm","confirm":"52d75252-37da-4604-9820-80d41a60cb85","ts":"2025-10-16T13:53:39.947-04:00","source":{"id":"0","name":"eventBus"}}
{"__type":"$$EventMessageWorkflow","id":"be150387-4512-473d-928c-eb0c5b77e049","ts":"2025-10-16T13:53:39.947-04:00","eventName":"n8n.workflow.success","message":"n8n.workflow.success","payload":{"executionId":"128","success":true,"isManual":false,"workflowId":"GybVgYO43izIz1h2","workflowName":"My workflow"}}
{"__type":"$$EventMessageConfirm","confirm":"be150387-4512-473d-928c-eb0c5b77e049","ts":"2025-10-16T13:53:39.947-04:00","source":{"id":"0","name":"eventBus"}}
{"__type":"$$EventMessageWorkflow","id":"2b18d020-a977-42e8-844a-3e6049f9c53d","ts":"2025-10-16T13:54:48.736-04:00","eventName":"n8n.workflow.started","message":"n8n.workflow.started","payload":{"executionId":"129","workflowId":"GybVgYO43izIz1h2","isManual":false,"workflowName":"My workflow"}}
{"__type":"$$EventMessageConfirm","confirm":"2b18d020-a977-42e8-844a-3e6049f9c53d","ts":"2025-10-16T13:54:48.736-04:00","source":{"id":"0","name":"eventBus"}}
{"__type":"$$EventMessageNode","id":"0b664a90-7383-46bf-ab0b-8d7cbbbddb7a","ts":"2025-10-16T13:54:48.736-04:00","eventName":"n8n.node.started","message":"n8n.node.started","payload":{"workflowId":"GybVgYO43izIz1h2","workflowName":"My workflow","executionId":"129","nodeType":"n8n-nodes-base.webhook","nodeName":"Receive Image from Express","nodeId":"87550997-50c3-4608-90a1-79a44cb52f4f"}}
{"__type":"$$EventMessageConfirm","confirm":"0b664a90-7383-46bf-ab0b-8d7cbbbddb7a","ts":"2025-10-16T13:54:48.736-04:00","source":{"id":"0","name":"eventBus"}}
{"__type":"$$EventMessageNode","id":"6db7ef45-1c3b-4dbb-a0c6-cc8b97c86cf9","ts":"2025-10-16T13:54:48.737-04:00","eventName":"n8n.node.finished","message":"n8n.node.finished","payload":{"workflowId":"GybVgYO43izIz1h2","workflowName":"My workflow","executionId":"129","nodeType":"n8n-nodes-base.webhook","nodeName":"Receive Image from Express","nodeId":"87550997-50c3-4608-90a1-79a44cb52f4f"}}
{"__type":"$$EventMessageConfirm","confirm":"6db7ef45-1c3b-4dbb-a0c6-cc8b97c86cf9","ts":"2025-10-16T13:54:48.737-04:00","source":{"id":"0","name":"eventBus"}}
{"__type":"$$EventMessageNode","id":"2c091609-0333-497e-ab5f-306db041cb91","ts":"2025-10-16T13:54:48.737-04:00","eventName":"n8n.node.started","message":"n8n.node.started","payload":{"workflowId":"GybVgYO43izIz1h2","workflowName":"My workflow","executionId":"129","nodeType":"n8n-nodes-base.httpRequest","nodeName":"Send Image to Flask","nodeId":"11548b84-cdcf-45fb-8ebd-f192dbd59ba6"}}
{"__type":"$$EventMessageConfirm","confirm":"2c091609-0333-497e-ab5f-306db041cb91","ts":"2025-10-16T13:54:48.737-04:00","source":{"id":"0","name":"eventBus"}}
{"__type":"$$EventMessageNode","id":"c884426f-e3d5-42a8-973c-9bc2eedc7927","ts":"2025-10-16T13:54:48.774-04:00","eventName":"n8n.node.finished","message":"n8n.node.finished","payload":{"workflowId":"GybVgYO43izIz1h2","workflowName":"My workflow","executionId":"129","nodeType":"n8n-nodes-base.httpRequest","nodeName":"Send Image to Flask","nodeId":"11548b84-cdcf-45fb-8ebd-f192dbd59ba6"}}
{"__type":"$$EventMessageConfirm","confirm":"c884426f-e3d5-42a8-973c-9bc2eedc7927","ts":"2025-10-16T13:54:48.774-04:00","source":{"id":"0","name":"eventBus"}}
{"__type":"$$EventMessageNode","id":"203da05b-3bea-46fd-8b74-4d116e023acf","ts":"2025-10-16T13:54:48.774-04:00","eventName":"n8n.node.started","message":"n8n.node.started","payload":{"workflowId":"GybVgYO43izIz1h2","workflowName":"My workflow","executionId":"129","nodeType":"n8n-nodes-base.if","nodeName":"Is High?","nodeId":"2c8b878e-41cc-480d-8146-1848c27fa0c8"}}
{"__type":"$$EventMessageConfirm","confirm":"203da05b-3bea-46fd-8b74-4d116e023acf","ts":"2025-10-16T13:54:48.774-04:00","source":{"id":"0","name":"eventBus"}}
{"__type":"$$EventMessageNode","id":"d9852054-e1b3-4271-910f-154a04d8804f","ts":"2025-10-16T13:54:48.776-04:00","eventName":"n8n.node.finished","message":"n8n.node.finished","payload":{"workflowId":"GybVgYO43izIz1h2","workflowName":"My workflow","executionId":"129","nodeType":"n8n-nodes-base.if","nodeName":"Is High?","nodeId":"2c8b878e-41cc-480d-8146-1848c27fa0c8"}}
{"__type":"$$EventMessageConfirm","confirm":"d9852054-e1b3-4271-910f-154a04d8804f","ts":"2025-10-16T13:54:48.776-04:00","source":{"id":"0","name":"eventBus"}}
{"__type":"$$EventMessageNode","id":"76140f4a-251c-437e-8e02-aa337f64b7d7","ts":"2025-10-16T13:54:48.776-04:00","eventName":"n8n.node.started","message":"n8n.node.started","payload":{"workflowId":"GybVgYO43izIz1h2","workflowName":"My workflow","executionId":"129","nodeType":"n8n-nodes-base.respondToWebhook","nodeName":"Respond OK","nodeId":"1563c2a4-d6e3-43a8-b37d-65c3a1635d40"}}
{"__type":"$$EventMessageConfirm","confirm":"76140f4a-251c-437e-8e02-aa337f64b7d7","ts":"2025-10-16T13:54:48.776-04:00","source":{"id":"0","name":"eventBus"}}
{"__type":"$$EventMessageNode","id":"437b1098-65d6-44ef-80bb-33ce528fc1da","ts":"2025-10-16T13:54:48.778-04:00","eventName":"n8n.node.finished","message":"n8n.node.finished","payload":{"workflowId":"GybVgYO43izIz1h2","workflowName":"My workflow","executionId":"129","nodeType":"n8n-nodes-base.respondToWebhook","nodeName":"Respond OK","nodeId":"1563c2a4-d6e3-43a8-b37d-65c3a1635d40"}}
{"__type":"$$EventMessageConfirm","confirm":"437b1098-65d6-44ef-80bb-33ce528fc1da","ts":"2025-10-16T13:54:48.778-04:00","source":{"id":"0","name":"eventBus"}}
{"__type":"$$EventMessageWorkflow","id":"8162d0e3-aa72-441f-8674-af641b618120","ts":"2025-10-16T13:54:48.778-04:00","eventName":"n8n.workflow.success","message":"n8n.workflow.success","payload":{"executionId":"129","success":true,"isManual":false,"workflowId":"GybVgYO43izIz1h2","workflowName":"My workflow"}}
{"__type":"$$EventMessageConfirm","confirm":"8162d0e3-aa72-441f-8674-af641b618120","ts":"2025-10-16T13:54:48.778-04:00","source":{"id":"0","name":"eventBus"}}
