{"__type":"$$EventMessageWorkflow","id":"37423881-5136-4db8-90dc-f9f8398d9d3a","ts":"2025-10-17T02:07:50.502-04:00","eventName":"n8n.workflow.started","message":"n8n.workflow.started","payload":{"executionId":"132","workflowId":"GybVgYO43izIz1h2","isManual":false,"workflowName":"My workflow"}}
{"__type":"$$EventMessageConfirm","confirm":"37423881-5136-4db8-90dc-f9f8398d9d3a","ts":"2025-10-17T02:07:50.503-04:00","source":{"id":"0","name":"eventBus"}}
{"__type":"$$EventMessageNode","id":"4e695d82-3ce3-43a4-9bcc-d70ef3042bcd","ts":"2025-10-17T02:07:50.504-04:00","eventName":"n8n.node.started","message":"n8n.node.started","payload":{"workflowId":"GybVgYO43izIz1h2","workflowName":"My workflow","executionId":"132","nodeType":"n8n-nodes-base.webhook","nodeName":"Receive Image from Express","nodeId":"87550997-50c3-4608-90a1-79a44cb52f4f"}}
{"__type":"$$EventMessageConfirm","confirm":"4e695d82-3ce3-43a4-9bcc-d70ef3042bcd","ts":"2025-10-17T02:07:50.504-04:00","source":{"id":"0","name":"eventBus"}}
{"__type":"$$EventMessageNode","id":"f9c1b214-5d4c-49b0-a855-9053b1e57405","ts":"2025-10-17T02:07:50.507-04:00","eventName":"n8n.node.finished","message":"n8n.node.finished","payload":{"workflowId":"GybVgYO43izIz1h2","workflowName":"My workflow","executionId":"132","nodeType":"n8n-nodes-base.webhook","nodeName":"Receive Image from Express","nodeId":"87550997-50c3-4608-90a1-79a44cb52f4f"}}
{"__type":"$$EventMessageConfirm","confirm":"f9c1b214-5d4c-49b0-a855-9053b1e57405","ts":"2025-10-17T02:07:50.507-04:00","source":{"id":"0","name":"eventBus"}}
{"__type":"$$EventMessageNode","id":"7e251bd9-6fc4-4e31-b78a-e7423aa6d057","ts":"2025-10-17T02:07:50.507-04:00","eventName":"n8n.node.started","message":"n8n.node.started","payload":{"workflowId":"GybVgYO43izIz1h2","workflowName":"My workflow","executionId":"132","nodeType":"n8n-nodes-base.httpRequest","nodeName":"Send Image to Flask","nodeId":"11548b84-cdcf-45fb-8ebd-f192dbd59ba6"}}
{"__type":"$$EventMessageConfirm","confirm":"7e251bd9-6fc4-4e31-b78a-e7423aa6d057","ts":"2025-10-17T02:07:50.507-04:00","source":{"id":"0","name":"eventBus"}}
{"__type":"$$EventMessageNode","id":"2c40945e-7e42-4184-8556-3cf05c52aeac","ts":"2025-10-17T02:07:53.589-04:00","eventName":"n8n.node.finished","message":"n8n.node.finished","payload":{"workflowId":"GybVgYO43izIz1h2","workflowName":"My workflow","executionId":"132","nodeType":"n8n-nodes-base.httpRequest","nodeName":"Send Image to Flask","nodeId":"11548b84-cdcf-45fb-8ebd-f192dbd59ba6"}}
{"__type":"$$EventMessageConfirm","confirm":"2c40945e-7e42-4184-8556-3cf05c52aeac","ts":"2025-10-17T02:07:53.590-04:00","source":{"id":"0","name":"eventBus"}}
{"__type":"$$EventMessageNode","id":"f6ca8ec6-5417-4299-8c89-5cb7f6872b7a","ts":"2025-10-17T02:07:53.590-04:00","eventName":"n8n.node.started","message":"n8n.node.started","payload":{"workflowId":"GybVgYO43izIz1h2","workflowName":"My workflow","executionId":"132","nodeType":"n8n-nodes-base.if","nodeName":"Is High?","nodeId":"2c8b878e-41cc-480d-8146-1848c27fa0c8"}}
{"__type":"$$EventMessageConfirm","confirm":"f6ca8ec6-5417-4299-8c89-5cb7f6872b7a","ts":"2025-10-17T02:07:53.590-04:00","source":{"id":"0","name":"eventBus"}}
{"__type":"$$EventMessageNode","id":"d27944c6-2aab-411c-9ace-e5ee0b80426e","ts":"2025-10-17T02:07:53.603-04:00","eventName":"n8n.node.finished","message":"n8n.node.finished","payload":{"workflowId":"GybVgYO43izIz1h2","workflowName":"My workflow","executionId":"132","nodeType":"n8n-nodes-base.if","nodeName":"Is High?","nodeId":"2c8b878e-41cc-480d-8146-1848c27fa0c8"}}
{"__type":"$$EventMessageConfirm","confirm":"d27944c6-2aab-411c-9ace-e5ee0b80426e","ts":"2025-10-17T02:07:53.603-04:00","source":{"id":"0","name":"eventBus"}}
{"__type":"$$EventMessageNode","id":"1645d7be-d304-427b-83e6-6be2b58aa6b6","ts":"2025-10-17T02:07:53.604-04:00","eventName":"n8n.node.started","message":"n8n.node.started","payload":{"workflowId":"GybVgYO43izIz1h2","workflowName":"My workflow","executionId":"132","nodeType":"n8n-nodes-base.respondToWebhook","nodeName":"Respond OK","nodeId":"1563c2a4-d6e3-43a8-b37d-65c3a1635d40"}}
{"__type":"$$EventMessageConfirm","confirm":"1645d7be-d304-427b-83e6-6be2b58aa6b6","ts":"2025-10-17T02:07:53.604-04:00","source":{"id":"0","name":"eventBus"}}
{"__type":"$$EventMessageNode","id":"6b055449-1f16-475d-bba3-68a366acdec9","ts":"2025-10-17T02:07:53.633-04:00","eventName":"n8n.node.finished","message":"n8n.node.finished","payload":{"workflowId":"GybVgYO43izIz1h2","workflowName":"My workflow","executionId":"132","nodeType":"n8n-nodes-base.respondToWebhook","nodeName":"Respond OK","nodeId":"1563c2a4-d6e3-43a8-b37d-65c3a1635d40"}}
{"__type":"$$EventMessageConfirm","confirm":"6b055449-1f16-475d-bba3-68a366acdec9","ts":"2025-10-17T02:07:53.633-04:00","source":{"id":"0","name":"eventBus"}}
{"__type":"$$EventMessageWorkflow","id":"61889d82-82c0-4382-8864-56175ce87132","ts":"2025-10-17T02:07:53.634-04:00","eventName":"n8n.workflow.success","message":"n8n.workflow.success","payload":{"executionId":"132","success":true,"isManual":false,"workflowId":"GybVgYO43izIz1h2","workflowName":"My workflow"}}
{"__type":"$$EventMessageConfirm","confirm":"61889d82-82c0-4382-8864-56175ce87132","ts":"2025-10-17T02:07:53.634-04:00","source":{"id":"0","name":"eventBus"}}
{"__type":"$$EventMessageWorkflow","id":"e8cfb6d4-2ace-4b41-9d32-a30108f211ea","ts":"2025-10-17T02:08:23.330-04:00","eventName":"n8n.workflow.started","message":"n8n.workflow.started","payload":{"executionId":"133","workflowId":"GybVgYO43izIz1h2","isManual":false,"workflowName":"My workflow"}}
{"__type":"$$EventMessageConfirm","confirm":"e8cfb6d4-2ace-4b41-9d32-a30108f211ea","ts":"2025-10-17T02:08:23.330-04:00","source":{"id":"0","name":"eventBus"}}
{"__type":"$$EventMessageNode","id":"ec917f40-a55d-4433-8153-97e9685e576b","ts":"2025-10-17T02:08:23.330-04:00","eventName":"n8n.node.started","message":"n8n.node.started","payload":{"workflowId":"GybVgYO43izIz1h2","workflowName":"My workflow","executionId":"133","nodeType":"n8n-nodes-base.webhook","nodeName":"Receive Image from Express","nodeId":"87550997-50c3-4608-90a1-79a44cb52f4f"}}
{"__type":"$$EventMessageConfirm","confirm":"ec917f40-a55d-4433-8153-97e9685e576b","ts":"2025-10-17T02:08:23.331-04:00","source":{"id":"0","name":"eventBus"}}
{"__type":"$$EventMessageNode","id":"7391c109-cf6e-45e0-b861-bd8d2617948d","ts":"2025-10-17T02:08:23.331-04:00","eventName":"n8n.node.finished","message":"n8n.node.finished","payload":{"workflowId":"GybVgYO43izIz1h2","workflowName":"My workflow","executionId":"133","nodeType":"n8n-nodes-base.webhook","nodeName":"Receive Image from Express","nodeId":"87550997-50c3-4608-90a1-79a44cb52f4f"}}
{"__type":"$$EventMessageConfirm","confirm":"7391c109-cf6e-45e0-b861-bd8d2617948d","ts":"2025-10-17T02:08:23.331-04:00","source":{"id":"0","name":"eventBus"}}
{"__type":"$$EventMessageNode","id":"0452a0e0-cbbe-4ad1-8127-8b44a16ac6d7","ts":"2025-10-17T02:08:23.331-04:00","eventName":"n8n.node.started","message":"n8n.node.started","payload":{"workflowId":"GybVgYO43izIz1h2","workflowName":"My workflow","executionId":"133","nodeType":"n8n-nodes-base.httpRequest","nodeName":"Send Image to Flask","nodeId":"11548b84-cdcf-45fb-8ebd-f192dbd59ba6"}}
{"__type":"$$EventMessageConfirm","confirm":"0452a0e0-cbbe-4ad1-8127-8b44a16ac6d7","ts":"2025-10-17T02:08:23.331-04:00","source":{"id":"0","name":"eventBus"}}
{"__type":"$$EventMessageNode","id":"9e504d6a-760b-4d62-8326-0a5f4afe9683","ts":"2025-10-17T02:08:26.352-04:00","eventName":"n8n.node.finished","message":"n8n.node.finished","payload":{"workflowId":"GybVgYO43izIz1h2","workflowName":"My workflow","executionId":"133","nodeType":"n8n-nodes-base.httpRequest","nodeName":"Send Image to Flask","nodeId":"11548b84-cdcf-45fb-8ebd-f192dbd59ba6"}}
{"__type":"$$EventMessageConfirm","confirm":"9e504d6a-760b-4d62-8326-0a5f4afe9683","ts":"2025-10-17T02:08:26.353-04:00","source":{"id":"0","name":"eventBus"}}
{"__type":"$$EventMessageNode","id":"18b90faf-d492-46eb-a36a-2781fee47984","ts":"2025-10-17T02:08:26.355-04:00","eventName":"n8n.node.started","message":"n8n.node.started","payload":{"workflowId":"GybVgYO43izIz1h2","workflowName":"My workflow","executionId":"133","nodeType":"n8n-nodes-base.if","nodeName":"Is High?","nodeId":"2c8b878e-41cc-480d-8146-1848c27fa0c8"}}
{"__type":"$$EventMessageConfirm","confirm":"18b90faf-d492-46eb-a36a-2781fee47984","ts":"2025-10-17T02:08:26.355-04:00","source":{"id":"0","name":"eventBus"}}
{"__type":"$$EventMessageNode","id":"f8948416-e7c4-4915-9f97-cf6d949a2395","ts":"2025-10-17T02:08:26.357-04:00","eventName":"n8n.node.finished","message":"n8n.node.finished","payload":{"workflowId":"GybVgYO43izIz1h2","workflowName":"My workflow","executionId":"133","nodeType":"n8n-nodes-base.if","nodeName":"Is High?","nodeId":"2c8b878e-41cc-480d-8146-1848c27fa0c8"}}
{"__type":"$$EventMessageConfirm","confirm":"f8948416-e7c4-4915-9f97-cf6d949a2395","ts":"2025-10-17T02:08:26.357-04:00","source":{"id":"0","name":"eventBus"}}
{"__type":"$$EventMessageNode","id":"058f1a53-3810-4f30-b91e-5df5e9b2213c","ts":"2025-10-17T02:08:26.357-04:00","eventName":"n8n.node.started","message":"n8n.node.started","payload":{"workflowId":"GybVgYO43izIz1h2","workflowName":"My workflow","executionId":"133","nodeType":"n8n-nodes-base.respondToWebhook","nodeName":"Respond OK","nodeId":"1563c2a4-d6e3-43a8-b37d-65c3a1635d40"}}
{"__type":"$$EventMessageConfirm","confirm":"058f1a53-3810-4f30-b91e-5df5e9b2213c","ts":"2025-10-17T02:08:26.357-04:00","source":{"id":"0","name":"eventBus"}}
{"__type":"$$EventMessageNode","id":"ff6b87c8-bf6d-4b90-9d76-fc090e6352f7","ts":"2025-10-17T02:08:26.360-04:00","eventName":"n8n.node.finished","message":"n8n.node.finished","payload":{"workflowId":"GybVgYO43izIz1h2","workflowName":"My workflow","executionId":"133","nodeType":"n8n-nodes-base.respondToWebhook","nodeName":"Respond OK","nodeId":"1563c2a4-d6e3-43a8-b37d-65c3a1635d40"}}
{"__type":"$$EventMessageConfirm","confirm":"ff6b87c8-bf6d-4b90-9d76-fc090e6352f7","ts":"2025-10-17T02:08:26.360-04:00","source":{"id":"0","name":"eventBus"}}
{"__type":"$$EventMessageWorkflow","id":"2964dcf2-2cb6-4f62-aebe-0bfb40813714","ts":"2025-10-17T02:08:26.361-04:00","eventName":"n8n.workflow.success","message":"n8n.workflow.success","payload":{"executionId":"133","success":true,"isManual":false,"workflowId":"GybVgYO43izIz1h2","workflowName":"My workflow"}}
{"__type":"$$EventMessageConfirm","confirm":"2964dcf2-2cb6-4f62-aebe-0bfb40813714","ts":"2025-10-17T02:08:26.361-04:00","source":{"id":"0","name":"eventBus"}}
{"__type":"$$EventMessageAudit","id":"a2b25690-d197-47ce-8847-71b36edb5d52","ts":"2025-10-17T02:30:38.486-04:00","eventName":"n8n.audit.workflow.updated","message":"n8n.audit.workflow.updated","payload":{"userId":"3b23ea94-f720-4d27-bbfb-3ff8cf39405b","_email":"amirayoubi2001kh@gmail.com","_firstName":"Amirhossein","_lastName":"Ayoubi khosroshahi","globalRole":"global:owner","workflowId":"GybVgYO43izIz1h2","workflowName":"My workflow"}}
{"__type":"$$EventMessageConfirm","confirm":"a2b25690-d197-47ce-8847-71b36edb5d52","ts":"2025-10-17T02:30:38.487-04:00","source":{"id":"0","name":"eventBus"}}
{"__type":"$$EventMessageAudit","id":"6d664499-4dc3-465f-ae4f-25fd02e9fc42","ts":"2025-10-17T02:30:40.228-04:00","eventName":"n8n.audit.workflow.updated","message":"n8n.audit.workflow.updated","payload":{"userId":"3b23ea94-f720-4d27-bbfb-3ff8cf39405b","_email":"amirayoubi2001kh@gmail.com","_firstName":"Amirhossein","_lastName":"Ayoubi khosroshahi","globalRole":"global:owner","workflowId":"GybVgYO43izIz1h2","workflowName":"My workflow"}}
{"__type":"$$EventMessageConfirm","confirm":"6d664499-4dc3-465f-ae4f-25fd02e9fc42","ts":"2025-10-17T02:30:40.228-04:00","source":{"id":"0","name":"eventBus"}}
{"__type":"$$EventMessageWorkflow","id":"f826cf30-9ba1-4e64-9af1-96551a9bc3fb","ts":"2025-10-17T02:30:49.783-04:00","eventName":"n8n.workflow.started","message":"n8n.workflow.started","payload":{"executionId":"134","workflowId":"GybVgYO43izIz1h2","isManual":false,"workflowName":"My workflow"}}
{"__type":"$$EventMessageConfirm","confirm":"f826cf30-9ba1-4e64-9af1-96551a9bc3fb","ts":"2025-10-17T02:30:49.784-04:00","source":{"id":"0","name":"eventBus"}}
{"__type":"$$EventMessageNode","id":"94414628-383b-4b15-9180-872bdfb96da3","ts":"2025-10-17T02:30:49.785-04:00","eventName":"n8n.node.started","message":"n8n.node.started","payload":{"workflowId":"GybVgYO43izIz1h2","workflowName":"My workflow","executionId":"134","nodeType":"n8n-nodes-base.webhook","nodeName":"Receive Image from Express","nodeId":"87550997-50c3-4608-90a1-79a44cb52f4f"}}
{"__type":"$$EventMessageConfirm","confirm":"94414628-383b-4b15-9180-872bdfb96da3","ts":"2025-10-17T02:30:49.785-04:00","source":{"id":"0","name":"eventBus"}}
{"__type":"$$EventMessageNode","id":"c80f5cf6-2e5d-4798-84f3-0f76f24b7f7e","ts":"2025-10-17T02:30:49.786-04:00","eventName":"n8n.node.finished","message":"n8n.node.finished","payload":{"workflowId":"GybVgYO43izIz1h2","workflowName":"My workflow","executionId":"134","nodeType":"n8n-nodes-base.webhook","nodeName":"Receive Image from Express","nodeId":"87550997-50c3-4608-90a1-79a44cb52f4f"}}
{"__type":"$$EventMessageConfirm","confirm":"c80f5cf6-2e5d-4798-84f3-0f76f24b7f7e","ts":"2025-10-17T02:30:49.786-04:00","source":{"id":"0","name":"eventBus"}}
{"__type":"$$EventMessageNode","id":"5a6260ac-6787-49cf-b44a-157ec8fcb73a","ts":"2025-10-17T02:30:49.786-04:00","eventName":"n8n.node.started","message":"n8n.node.started","payload":{"workflowId":"GybVgYO43izIz1h2","workflowName":"My workflow","executionId":"134","nodeType":"n8n-nodes-base.httpRequest","nodeName":"Send Image to Flask","nodeId":"11548b84-cdcf-45fb-8ebd-f192dbd59ba6"}}
{"__type":"$$EventMessageConfirm","confirm":"5a6260ac-6787-49cf-b44a-157ec8fcb73a","ts":"2025-10-17T02:30:49.786-04:00","source":{"id":"0","name":"eventBus"}}
{"__type":"$$EventMessageNode","id":"7bab981d-e8c7-4b8f-ba2b-cbc4257fe34e","ts":"2025-10-17T02:30:52.883-04:00","eventName":"n8n.node.finished","message":"n8n.node.finished","payload":{"workflowId":"GybVgYO43izIz1h2","workflowName":"My workflow","executionId":"134","nodeType":"n8n-nodes-base.httpRequest","nodeName":"Send Image to Flask","nodeId":"11548b84-cdcf-45fb-8ebd-f192dbd59ba6"}}
{"__type":"$$EventMessageConfirm","confirm":"7bab981d-e8c7-4b8f-ba2b-cbc4257fe34e","ts":"2025-10-17T02:30:52.883-04:00","source":{"id":"0","name":"eventBus"}}
{"__type":"$$EventMessageNode","id":"8e279366-2f23-4709-948a-787285a2b2cf","ts":"2025-10-17T02:30:52.883-04:00","eventName":"n8n.node.started","message":"n8n.node.started","payload":{"workflowId":"GybVgYO43izIz1h2","workflowName":"My workflow","executionId":"134","nodeType":"n8n-nodes-base.if","nodeName":"Is High?","nodeId":"2c8b878e-41cc-480d-8146-1848c27fa0c8"}}
{"__type":"$$EventMessageConfirm","confirm":"8e279366-2f23-4709-948a-787285a2b2cf","ts":"2025-10-17T02:30:52.884-04:00","source":{"id":"0","name":"eventBus"}}
{"__type":"$$EventMessageNode","id":"6a2a0cb6-1d15-40ea-b9e7-a3b2e8a48d27","ts":"2025-10-17T02:30:52.885-04:00","eventName":"n8n.node.finished","message":"n8n.node.finished","payload":{"workflowId":"GybVgYO43izIz1h2","workflowName":"My workflow","executionId":"134","nodeType":"n8n-nodes-base.if","nodeName":"Is High?","nodeId":"2c8b878e-41cc-480d-8146-1848c27fa0c8"}}
{"__type":"$$EventMessageConfirm","confirm":"6a2a0cb6-1d15-40ea-b9e7-a3b2e8a48d27","ts":"2025-10-17T02:30:52.886-04:00","source":{"id":"0","name":"eventBus"}}
{"__type":"$$EventMessageNode","id":"94002b7c-e938-4a0d-9762-5f0350ebc692","ts":"2025-10-17T02:30:52.886-04:00","eventName":"n8n.node.started","message":"n8n.node.started","payload":{"workflowId":"GybVgYO43izIz1h2","workflowName":"My workflow","executionId":"134","nodeType":"n8n-nodes-base.respondToWebhook","nodeName":"Respond OK","nodeId":"1563c2a4-d6e3-43a8-b37d-65c3a1635d40"}}
{"__type":"$$EventMessageConfirm","confirm":"94002b7c-e938-4a0d-9762-5f0350ebc692","ts":"2025-10-17T02:30:52.886-04:00","source":{"id":"0","name":"eventBus"}}
{"__type":"$$EventMessageNode","id":"8199a82c-a32b-4b0b-9874-e6563309b4ee","ts":"2025-10-17T02:30:52.889-04:00","eventName":"n8n.node.finished","message":"n8n.node.finished","payload":{"workflowId":"GybVgYO43izIz1h2","workflowName":"My workflow","executionId":"134","nodeType":"n8n-nodes-base.respondToWebhook","nodeName":"Respond OK","nodeId":"1563c2a4-d6e3-43a8-b37d-65c3a1635d40"}}
{"__type":"$$EventMessageConfirm","confirm":"8199a82c-a32b-4b0b-9874-e6563309b4ee","ts":"2025-10-17T02:30:52.889-04:00","source":{"id":"0","name":"eventBus"}}
{"__type":"$$EventMessageWorkflow","id":"58d35dff-4f34-4f7f-9454-4a36b481d7b6","ts":"2025-10-17T02:30:52.890-04:00","eventName":"n8n.workflow.success","message":"n8n.workflow.success","payload":{"executionId":"134","success":true,"isManual":false,"workflowId":"GybVgYO43izIz1h2","workflowName":"My workflow"}}
{"__type":"$$EventMessageConfirm","confirm":"58d35dff-4f34-4f7f-9454-4a36b481d7b6","ts":"2025-10-17T02:30:52.890-04:00","source":{"id":"0","name":"eventBus"}}
{"__type":"$$EventMessageWorkflow","id":"b4ddf6ff-7d54-43f0-8ef8-5dd1208e0bf0","ts":"2025-10-17T02:31:51.341-04:00","eventName":"n8n.workflow.started","message":"n8n.workflow.started","payload":{"executionId":"135","workflowId":"GybVgYO43izIz1h2","isManual":false,"workflowName":"My workflow"}}
{"__type":"$$EventMessageConfirm","confirm":"b4ddf6ff-7d54-43f0-8ef8-5dd1208e0bf0","ts":"2025-10-17T02:31:51.341-04:00","source":{"id":"0","name":"eventBus"}}
{"__type":"$$EventMessageNode","id":"a75246ec-daf9-44ad-8d7b-d0b0d0433d56","ts":"2025-10-17T02:31:51.342-04:00","eventName":"n8n.node.started","message":"n8n.node.started","payload":{"workflowId":"GybVgYO43izIz1h2","workflowName":"My workflow","executionId":"135","nodeType":"n8n-nodes-base.webhook","nodeName":"Receive Image from Express","nodeId":"87550997-50c3-4608-90a1-79a44cb52f4f"}}
{"__type":"$$EventMessageConfirm","confirm":"a75246ec-daf9-44ad-8d7b-d0b0d0433d56","ts":"2025-10-17T02:31:51.342-04:00","source":{"id":"0","name":"eventBus"}}
{"__type":"$$EventMessageNode","id":"9fd347fb-f67d-4d50-a081-4d076d94e0ec","ts":"2025-10-17T02:31:51.342-04:00","eventName":"n8n.node.finished","message":"n8n.node.finished","payload":{"workflowId":"GybVgYO43izIz1h2","workflowName":"My workflow","executionId":"135","nodeType":"n8n-nodes-base.webhook","nodeName":"Receive Image from Express","nodeId":"87550997-50c3-4608-90a1-79a44cb52f4f"}}
{"__type":"$$EventMessageConfirm","confirm":"9fd347fb-f67d-4d50-a081-4d076d94e0ec","ts":"2025-10-17T02:31:51.343-04:00","source":{"id":"0","name":"eventBus"}}
{"__type":"$$EventMessageNode","id":"64d1df1d-6cf8-45bb-bd8f-cfd9fae66035","ts":"2025-10-17T02:31:51.343-04:00","eventName":"n8n.node.started","message":"n8n.node.started","payload":{"workflowId":"GybVgYO43izIz1h2","workflowName":"My workflow","executionId":"135","nodeType":"n8n-nodes-base.httpRequest","nodeName":"Send Image to Flask","nodeId":"11548b84-cdcf-45fb-8ebd-f192dbd59ba6"}}
{"__type":"$$EventMessageConfirm","confirm":"64d1df1d-6cf8-45bb-bd8f-cfd9fae66035","ts":"2025-10-17T02:31:51.343-04:00","source":{"id":"0","name":"eventBus"}}
{"__type":"$$EventMessageNode","id":"17a8efb7-7515-4486-8b25-a7fce70a26db","ts":"2025-10-17T02:31:54.370-04:00","eventName":"n8n.node.finished","message":"n8n.node.finished","payload":{"workflowId":"GybVgYO43izIz1h2","workflowName":"My workflow","executionId":"135","nodeType":"n8n-nodes-base.httpRequest","nodeName":"Send Image to Flask","nodeId":"11548b84-cdcf-45fb-8ebd-f192dbd59ba6"}}
{"__type":"$$EventMessageConfirm","confirm":"17a8efb7-7515-4486-8b25-a7fce70a26db","ts":"2025-10-17T02:31:54.372-04:00","source":{"id":"0","name":"eventBus"}}
{"__type":"$$EventMessageNode","id":"be8dbcf7-869f-4be4-9f8b-e4132f1d62dc","ts":"2025-10-17T02:31:54.373-04:00","eventName":"n8n.node.started","message":"n8n.node.started","payload":{"workflowId":"GybVgYO43izIz1h2","workflowName":"My workflow","executionId":"135","nodeType":"n8n-nodes-base.if","nodeName":"Is High?","nodeId":"2c8b878e-41cc-480d-8146-1848c27fa0c8"}}
{"__type":"$$EventMessageConfirm","confirm":"be8dbcf7-869f-4be4-9f8b-e4132f1d62dc","ts":"2025-10-17T02:31:54.373-04:00","source":{"id":"0","name":"eventBus"}}
{"__type":"$$EventMessageNode","id":"cdeae8f6-1d5f-444b-b3ea-32edd0d518dc","ts":"2025-10-17T02:31:54.376-04:00","eventName":"n8n.node.finished","message":"n8n.node.finished","payload":{"workflowId":"GybVgYO43izIz1h2","workflowName":"My workflow","executionId":"135","nodeType":"n8n-nodes-base.if","nodeName":"Is High?","nodeId":"2c8b878e-41cc-480d-8146-1848c27fa0c8"}}
{"__type":"$$EventMessageConfirm","confirm":"cdeae8f6-1d5f-444b-b3ea-32edd0d518dc","ts":"2025-10-17T02:31:54.376-04:00","source":{"id":"0","name":"eventBus"}}
{"__type":"$$EventMessageNode","id":"052d8835-50d6-455e-8ed8-f43be0ebbc79","ts":"2025-10-17T02:31:54.377-04:00","eventName":"n8n.node.started","message":"n8n.node.started","payload":{"workflowId":"GybVgYO43izIz1h2","workflowName":"My workflow","executionId":"135","nodeType":"n8n-nodes-base.respondToWebhook","nodeName":"Respond OK","nodeId":"1563c2a4-d6e3-43a8-b37d-65c3a1635d40"}}
{"__type":"$$EventMessageConfirm","confirm":"052d8835-50d6-455e-8ed8-f43be0ebbc79","ts":"2025-10-17T02:31:54.377-04:00","source":{"id":"0","name":"eventBus"}}
{"__type":"$$EventMessageNode","id":"e6962030-6583-4650-8f8b-fb2e1d934a3c","ts":"2025-10-17T02:31:54.382-04:00","eventName":"n8n.node.finished","message":"n8n.node.finished","payload":{"workflowId":"GybVgYO43izIz1h2","workflowName":"My workflow","executionId":"135","nodeType":"n8n-nodes-base.respondToWebhook","nodeName":"Respond OK","nodeId":"1563c2a4-d6e3-43a8-b37d-65c3a1635d40"}}
{"__type":"$$EventMessageConfirm","confirm":"e6962030-6583-4650-8f8b-fb2e1d934a3c","ts":"2025-10-17T02:31:54.386-04:00","source":{"id":"0","name":"eventBus"}}
{"__type":"$$EventMessageWorkflow","id":"681b5474-8450-4659-a2d4-028583fece8b","ts":"2025-10-17T02:31:54.387-04:00","eventName":"n8n.workflow.success","message":"n8n.workflow.success","payload":{"executionId":"135","success":true,"isManual":false,"workflowId":"GybVgYO43izIz1h2","workflowName":"My workflow"}}
{"__type":"$$EventMessageConfirm","confirm":"681b5474-8450-4659-a2d4-028583fece8b","ts":"2025-10-17T02:31:54.387-04:00","source":{"id":"0","name":"eventBus"}}
