{"__type":"$$EventMessageAudit","id":"cd793b91-13ac-4400-ad97-10e788cb8ef7","ts":"2025-10-17T02:05:12.964-04:00","eventName":"n8n.audit.workflow.updated","message":"n8n.audit.workflow.updated","payload":{"userId":"3b23ea94-f720-4d27-bbfb-3ff8cf39405b","_email":"amirayoubi2001kh@gmail.com","_firstName":"Amirhossein","_lastName":"Ayoubi khosroshahi","globalRole":"global:owner","workflowId":"GybVgYO43izIz1h2","workflowName":"My workflow"}}
{"__type":"$$EventMessageConfirm","confirm":"cd793b91-13ac-4400-ad97-10e788cb8ef7","ts":"2025-10-17T02:05:12.965-04:00","source":{"id":"0","name":"eventBus"}}
{"__type":"$$EventMessageAudit","id":"d7008c60-edb4-42fb-8d1d-f2a08a365445","ts":"2025-10-17T02:05:14.004-04:00","eventName":"n8n.audit.workflow.updated","message":"n8n.audit.workflow.updated","payload":{"userId":"3b23ea94-f720-4d27-bbfb-3ff8cf39405b","_email":"amirayoubi2001kh@gmail.com","_firstName":"Amirhossein","_lastName":"Ayoubi khosroshahi","globalRole":"global:owner","workflowId":"GybVgYO43izIz1h2","workflowName":"My workflow"}}
{"__type":"$$EventMessageConfirm","confirm":"d7008c60-edb4-42fb-8d1d-f2a08a365445","ts":"2025-10-17T02:05:14.004-04:00","source":{"id":"0","name":"eventBus"}}
{"__type":"$$EventMessageWorkflow","id":"9573e86a-18dd-4713-96b3-dc8429ca4cef","ts":"2025-10-17T02:05:32.301-04:00","eventName":"n8n.workflow.started","message":"n8n.workflow.started","payload":{"executionId":"130","workflowId":"GybVgYO43izIz1h2","isManual":false,"workflowName":"My workflow"}}
{"__type":"$$EventMessageConfirm","confirm":"9573e86a-18dd-4713-96b3-dc8429ca4cef","ts":"2025-10-17T02:05:32.302-04:00","source":{"id":"0","name":"eventBus"}}
{"__type":"$$EventMessageNode","id":"a7480b3f-bbdf-4da8-860a-30fbb3d5f7d7","ts":"2025-10-17T02:05:32.302-04:00","eventName":"n8n.node.started","message":"n8n.node.started","payload":{"workflowId":"GybVgYO43izIz1h2","workflowName":"My workflow","executionId":"130","nodeType":"n8n-nodes-base.webhook","nodeName":"Receive Image from Express","nodeId":"87550997-50c3-4608-90a1-79a44cb52f4f"}}
{"__type":"$$EventMessageConfirm","confirm":"a7480b3f-bbdf-4da8-860a-30fbb3d5f7d7","ts":"2025-10-17T02:05:32.303-04:00","source":{"id":"0","name":"eventBus"}}
{"__type":"$$EventMessageNode","id":"de1c930e-a1c7-4451-966c-2839dc854759","ts":"2025-10-17T02:05:32.304-04:00","eventName":"n8n.node.finished","message":"n8n.node.finished","payload":{"workflowId":"GybVgYO43izIz1h2","workflowName":"My workflow","executionId":"130","nodeType":"n8n-nodes-base.webhook","nodeName":"Receive Image from Express","nodeId":"87550997-50c3-4608-90a1-79a44cb52f4f"}}
{"__type":"$$EventMessageConfirm","confirm":"de1c930e-a1c7-4451-966c-2839dc854759","ts":"2025-10-17T02:05:32.304-04:00","source":{"id":"0","name":"eventBus"}}
{"__type":"$$EventMessageNode","id":"7ee482df-4a23-4ac6-8e20-233de8e90c1b","ts":"2025-10-17T02:05:32.305-04:00","eventName":"n8n.node.started","message":"n8n.node.started","payload":{"workflowId":"GybVgYO43izIz1h2","workflowName":"My workflow","executionId":"130","nodeType":"n8n-nodes-base.httpRequest","nodeName":"Send Image to Flask","nodeId":"11548b84-cdcf-45fb-8ebd-f192dbd59ba6"}}
{"__type":"$$EventMessageConfirm","confirm":"7ee482df-4a23-4ac6-8e20-233de8e90c1b","ts":"2025-10-17T02:05:32.305-04:00","source":{"id":"0","name":"eventBus"}}
{"__type":"$$EventMessageNode","id":"359bc833-5226-4457-a656-47bf25f00cc6","ts":"2025-10-17T02:05:42.419-04:00","eventName":"n8n.node.finished","message":"n8n.node.finished","payload":{"workflowId":"GybVgYO43izIz1h2","workflowName":"My workflow","executionId":"130","nodeType":"n8n-nodes-base.httpRequest","nodeName":"Send Image to Flask","nodeId":"11548b84-cdcf-45fb-8ebd-f192dbd59ba6"}}
{"__type":"$$EventMessageConfirm","confirm":"359bc833-5226-4457-a656-47bf25f00cc6","ts":"2025-10-17T02:05:42.420-04:00","source":{"id":"0","name":"eventBus"}}
{"__type":"$$EventMessageNode","id":"85c31c1b-b6b6-48ff-a95c-2a0f53e8f63c","ts":"2025-10-17T02:05:42.420-04:00","eventName":"n8n.node.started","message":"n8n.node.started","payload":{"workflowId":"GybVgYO43izIz1h2","workflowName":"My workflow","executionId":"130","nodeType":"n8n-nodes-base.respondToWebhook","nodeName":"Respond Error","nodeId":"80017520-8f45-4fd2-9346-47d047ec5f67"}}
{"__type":"$$EventMessageConfirm","confirm":"85c31c1b-b6b6-48ff-a95c-2a0f53e8f63c","ts":"2025-10-17T02:05:42.420-04:00","source":{"id":"0","name":"eventBus"}}
{"__type":"$$EventMessageNode","id":"8b4e63f3-97db-4f11-9721-bd3180764906","ts":"2025-10-17T02:05:42.434-04:00","eventName":"n8n.node.finished","message":"n8n.node.finished","payload":{"workflowId":"GybVgYO43izIz1h2","workflowName":"My workflow","executionId":"130","nodeType":"n8n-nodes-base.respondToWebhook","nodeName":"Respond Error","nodeId":"80017520-8f45-4fd2-9346-47d047ec5f67"}}
{"__type":"$$EventMessageConfirm","confirm":"8b4e63f3-97db-4f11-9721-bd3180764906","ts":"2025-10-17T02:05:42.434-04:00","source":{"id":"0","name":"eventBus"}}
{"__type":"$$EventMessageWorkflow","id":"32afc9e4-5638-4fc1-bad0-4d6a18c039b1","ts":"2025-10-17T02:05:42.435-04:00","eventName":"n8n.workflow.success","message":"n8n.workflow.success","payload":{"executionId":"130","success":true,"isManual":false,"workflowId":"GybVgYO43izIz1h2","workflowName":"My workflow"}}
{"__type":"$$EventMessageConfirm","confirm":"32afc9e4-5638-4fc1-bad0-4d6a18c039b1","ts":"2025-10-17T02:05:42.436-04:00","source":{"id":"0","name":"eventBus"}}
{"__type":"$$EventMessageWorkflow","id":"277bfca4-3a2a-4917-9ad1-ca71997b72e2","ts":"2025-10-17T02:06:23.943-04:00","eventName":"n8n.workflow.started","message":"n8n.workflow.started","payload":{"executionId":"131","workflowId":"GybVgYO43izIz1h2","isManual":false,"workflowName":"My workflow"}}
{"__type":"$$EventMessageConfirm","confirm":"277bfca4-3a2a-4917-9ad1-ca71997b72e2","ts":"2025-10-17T02:06:23.943-04:00","source":{"id":"0","name":"eventBus"}}
{"__type":"$$EventMessageNode","id":"6911727d-ebb1-47f4-87a3-9918de801660","ts":"2025-10-17T02:06:23.944-04:00","eventName":"n8n.node.started","message":"n8n.node.started","payload":{"workflowId":"GybVgYO43izIz1h2","workflowName":"My workflow","executionId":"131","nodeType":"n8n-nodes-base.webhook","nodeName":"Receive Image from Express","nodeId":"87550997-50c3-4608-90a1-79a44cb52f4f"}}
{"__type":"$$EventMessageConfirm","confirm":"6911727d-ebb1-47f4-87a3-9918de801660","ts":"2025-10-17T02:06:23.944-04:00","source":{"id":"0","name":"eventBus"}}
{"__type":"$$EventMessageNode","id":"15e93346-4974-4ba9-a5f1-dd3baf3b7f7d","ts":"2025-10-17T02:06:23.944-04:00","eventName":"n8n.node.finished","message":"n8n.node.finished","payload":{"workflowId":"GybVgYO43izIz1h2","workflowName":"My workflow","executionId":"131","nodeType":"n8n-nodes-base.webhook","nodeName":"Receive Image from Express","nodeId":"87550997-50c3-4608-90a1-79a44cb52f4f"}}
{"__type":"$$EventMessageConfirm","confirm":"15e93346-4974-4ba9-a5f1-dd3baf3b7f7d","ts":"2025-10-17T02:06:23.944-04:00","source":{"id":"0","name":"eventBus"}}
{"__type":"$$EventMessageNode","id":"dd6e23e6-d18a-4625-b6ec-1b33d6d23b1c","ts":"2025-10-17T02:06:23.944-04:00","eventName":"n8n.node.started","message":"n8n.node.started","payload":{"workflowId":"GybVgYO43izIz1h2","workflowName":"My workflow","executionId":"131","nodeType":"n8n-nodes-base.httpRequest","nodeName":"Send Image to Flask","nodeId":"11548b84-cdcf-45fb-8ebd-f192dbd59ba6"}}
{"__type":"$$EventMessageConfirm","confirm":"dd6e23e6-d18a-4625-b6ec-1b33d6d23b1c","ts":"2025-10-17T02:06:23.944-04:00","source":{"id":"0","name":"eventBus"}}
{"__type":"$$EventMessageNode","id":"3422589e-a603-47c6-8378-db2e6918a596","ts":"2025-10-17T02:06:33.952-04:00","eventName":"n8n.node.finished","message":"n8n.node.finished","payload":{"workflowId":"GybVgYO43izIz1h2","workflowName":"My workflow","executionId":"131","nodeType":"n8n-nodes-base.httpRequest","nodeName":"Send Image to Flask","nodeId":"11548b84-cdcf-45fb-8ebd-f192dbd59ba6"}}
{"__type":"$$EventMessageConfirm","confirm":"3422589e-a603-47c6-8378-db2e6918a596","ts":"2025-10-17T02:06:33.952-04:00","source":{"id":"0","name":"eventBus"}}
{"__type":"$$EventMessageNode","id":"20607a43-a271-4611-9ed4-d3ea687310ef","ts":"2025-10-17T02:06:33.952-04:00","eventName":"n8n.node.started","message":"n8n.node.started","payload":{"workflowId":"GybVgYO43izIz1h2","workflowName":"My workflow","executionId":"131","nodeType":"n8n-nodes-base.respondToWebhook","nodeName":"Respond Error","nodeId":"80017520-8f45-4fd2-9346-47d047ec5f67"}}
{"__type":"$$EventMessageConfirm","confirm":"20607a43-a271-4611-9ed4-d3ea687310ef","ts":"2025-10-17T02:06:33.952-04:00","source":{"id":"0","name":"eventBus"}}
{"__type":"$$EventMessageNode","id":"63053f01-b4e4-430f-8139-1562b7558d34","ts":"2025-10-17T02:06:33.954-04:00","eventName":"n8n.node.finished","message":"n8n.node.finished","payload":{"workflowId":"GybVgYO43izIz1h2","workflowName":"My workflow","executionId":"131","nodeType":"n8n-nodes-base.respondToWebhook","nodeName":"Respond Error","nodeId":"80017520-8f45-4fd2-9346-47d047ec5f67"}}
{"__type":"$$EventMessageConfirm","confirm":"63053f01-b4e4-430f-8139-1562b7558d34","ts":"2025-10-17T02:06:33.954-04:00","source":{"id":"0","name":"eventBus"}}
{"__type":"$$EventMessageWorkflow","id":"78bf84c0-d921-426b-af00-e01a2ef4af80","ts":"2025-10-17T02:06:33.955-04:00","eventName":"n8n.workflow.success","message":"n8n.workflow.success","payload":{"executionId":"131","success":true,"isManual":false,"workflowId":"GybVgYO43izIz1h2","workflowName":"My workflow"}}
{"__type":"$$EventMessageConfirm","confirm":"78bf84c0-d921-426b-af00-e01a2ef4af80","ts":"2025-10-17T02:06:33.955-04:00","source":{"id":"0","name":"eventBus"}}
